2023-08-08 17:50:03,644 :INFO : test_qa_courses :Logging in ...
2023-08-08 17:50:04,490 :INFO : test_qa_courses :Checking if Login was successful ...
2023-08-08 17:50:05,272 :INFO : test_qa_courses :Creating a list of lessons ...
2023-08-08 17:50:05,321 :INFO : test_qa_courses :Checking number of lessons ...
2023-08-08 17:50:05,321 :INFO : test_qa_courses :Validating the results ...
2023-08-08 17:50:05,321 :INFO : test_qa_courses :Logging out ...
2023-08-08 17:50:09,958 :INFO : test_course_progress :Logging in ...
2023-08-08 17:50:10,780 :INFO : test_course_progress :Checking if Login was successful ...
2023-08-08 17:50:10,791 :WARNING : test_course_progress :Enrolling ...
2023-08-08 17:50:11,638 :INFO : test_course_progress :Finding out the number of the lessons ...
2023-08-08 17:50:11,651 :INFO : test_course_progress :The number of courses that have to be completed are: 4
2023-08-08 17:50:11,651 :INFO : test_course_progress :Completing Lessons ...
2023-08-08 17:50:12,409 :INFO : test_course_progress :Checking progress ...
2023-08-08 17:50:12,620 :INFO : test_course_progress :Course Progress: 100.00%
2023-08-08 17:50:12,620 :INFO : test_course_progress :Validating it is 100%
2023-08-08 17:51:17,924 :INFO : test_qa_courses :Logging in ...
2023-08-08 17:51:18,741 :INFO : test_qa_courses :Checking if Login was successful ...
2023-08-08 17:51:19,381 :INFO : test_qa_courses :Creating a list of lessons ...
2023-08-08 17:51:19,424 :INFO : test_qa_courses :Checking number of lessons ...
2023-08-08 17:51:19,424 :INFO : test_qa_courses :Validating the results ...
2023-08-08 17:51:19,424 :INFO : test_qa_courses :Logging out ...
2023-08-08 17:51:24,029 :INFO : test_course_progress :Logging in ...
2023-08-08 17:51:24,844 :INFO : test_course_progress :Checking if Login was successful ...
2023-08-08 17:51:24,854 :WARNING : test_course_progress :Enrolling ...
2023-08-08 17:51:25,719 :INFO : test_course_progress :Finding out the number of the lessons ...
2023-08-08 17:51:25,732 :INFO : test_course_progress :The number of courses that have to be completed are: 4
2023-08-08 17:51:25,732 :INFO : test_course_progress :Completing Lessons ...
2023-08-08 17:51:25,781 :INFO : test_course_progress :Are you sure you want to complete it? Clicked on the OK Button. 1 of 4 complete.
2023-08-08 17:51:26,026 :INFO : test_course_progress :Are you sure you want to complete it? Clicked on the OK Button. 2 of 4 complete.
2023-08-08 17:51:26,265 :INFO : test_course_progress :Are you sure you want to complete it? Clicked on the OK Button. 3 of 4 complete.
2023-08-08 17:51:26,493 :INFO : test_course_progress :Are you sure you want to complete it? Clicked on the OK Button. 4 of 4 complete.
2023-08-08 17:51:26,493 :INFO : test_course_progress :Checking progress ...
2023-08-08 17:51:26,702 :INFO : test_course_progress :Course Progress: 100.00%
2023-08-08 17:51:26,703 :INFO : test_course_progress :Validating it is 100%
2023-08-08 17:54:01,160 :INFO : test_qa_courses :Logging in ...
2023-08-08 17:54:01,992 :INFO : test_qa_courses :Checking if Login was successful ...
2023-08-08 17:54:02,603 :INFO : test_qa_courses :Creating a list of lessons ...
2023-08-08 17:54:02,645 :INFO : test_qa_courses :Checking number of lessons ...
2023-08-08 17:54:02,645 :INFO : test_qa_courses :Validating the results ...
2023-08-08 17:54:02,645 :INFO : test_qa_courses :Logging out ...
2023-08-08 17:54:07,263 :INFO : test_course_progress :Logging in ...
2023-08-08 17:54:08,085 :INFO : test_course_progress :Checking if Login was successful ...
2023-08-08 17:54:08,091 :WARNING : test_course_progress :Enrolling ...
2023-08-08 17:54:09,094 :INFO : test_course_progress :Finding out the number of the lessons ...
2023-08-08 17:54:09,106 :INFO : test_course_progress :The number of courses that have to be completed are: 4
2023-08-08 17:54:09,106 :INFO : test_course_progress :Completing Lessons ...
2023-08-08 17:54:09,156 :INFO : test_course_progress :Are you sure you want to complete it? Clicked on the OK Button. 1 of 4 complete.
2023-08-08 17:54:09,402 :INFO : test_course_progress :Are you sure you want to complete it? Clicked on the OK Button. 2 of 4 complete.
2023-08-08 17:54:09,617 :INFO : test_course_progress :Are you sure you want to complete it? Clicked on the OK Button. 3 of 4 complete.
2023-08-08 17:54:09,848 :INFO : test_course_progress :Are you sure you want to complete it? Clicked on the OK Button. 4 of 4 complete.
2023-08-08 17:54:09,848 :INFO : test_course_progress :Checking progress ...
2023-08-08 17:54:10,063 :INFO : test_course_progress :Course Progress: 100.00%
2023-08-08 17:54:10,063 :INFO : test_course_progress :Validating it is 100%
2023-08-08 17:54:10,063 :INFO : test_course_progress :Logging out ...
2023-08-08 18:08:02,553 :INFO : test_qa_courses :Logging in ...
2023-08-08 18:08:03,336 :INFO : test_qa_courses :Checking if Login was successful ...
2023-08-08 18:08:03,912 :INFO : test_qa_courses :Creating a list of lessons ...
2023-08-08 18:08:03,954 :INFO : test_qa_courses :Checking number of lessons ...
2023-08-08 18:08:03,954 :INFO : test_qa_courses :Validating the results ...
2023-08-08 18:08:03,955 :INFO : test_qa_courses :Logging out ...
2023-08-08 18:08:08,538 :INFO : test_course_progress :Logging in ...
2023-08-08 18:08:09,362 :INFO : test_course_progress :Checking if Login was successful ...
2023-08-08 18:08:09,368 :INFO : test_course_progress :Enrolling ...
2023-08-08 18:08:10,193 :INFO : test_course_progress :Finding out the number of the lessons ...
2023-08-08 18:08:10,205 :INFO : test_course_progress :Number of Lessons: 4
2023-08-08 18:08:10,205 :INFO : test_course_progress :Completing Lessons ...
2023-08-08 18:08:10,257 :INFO : test_course_progress :Alert: Are you sure you want to complete it? - Clicked OK - 1 of 4
2023-08-08 18:08:10,488 :INFO : test_course_progress :Alert: Are you sure you want to complete it? - Clicked OK - 2 of 4
2023-08-08 18:08:10,722 :INFO : test_course_progress :Alert: Are you sure you want to complete it? - Clicked OK - 3 of 4
2023-08-08 18:08:10,963 :INFO : test_course_progress :Alert: Are you sure you want to complete it? - Clicked OK - 4 of 4
2023-08-08 18:08:10,963 :INFO : test_course_progress :Checking progress ...
2023-08-08 18:08:11,188 :INFO : test_course_progress :Course Progress: 100.00%
2023-08-08 18:08:11,188 :INFO : test_course_progress :Validating it is 100%
2023-08-08 18:08:11,189 :INFO : test_course_progress :Logging out ...
2023-08-08 18:11:39,564 :INFO : test_qa_courses :Logging in ...
2023-08-08 18:11:40,412 :INFO : test_qa_courses :Checking if Login was successful ...
2023-08-08 18:11:41,062 :INFO : test_qa_courses :Creating a list of lessons ...
2023-08-08 18:11:41,104 :INFO : test_qa_courses :Checking number of lessons ...
2023-08-08 18:11:41,104 :INFO : test_qa_courses :Validating the results ...
2023-08-08 18:11:41,105 :INFO : test_qa_courses :Logging out ...
2023-08-08 18:11:45,752 :INFO : test_course_progress :Logging in ...
2023-08-08 18:11:46,572 :INFO : test_course_progress :Checking if Login was successful ...
2023-08-08 18:11:46,578 :INFO : test_course_progress :Enrolling ...
2023-08-08 18:11:47,394 :INFO : test_course_progress :Finding out the number of the lessons ...
2023-08-08 18:11:47,405 :INFO : test_course_progress :Number of Lessons: 4
2023-08-08 18:11:47,405 :INFO : test_course_progress :Completing Lessons ...
2023-08-08 18:11:47,457 :INFO : test_course_progress :Alert: Are you sure you want to complete it? - Clicked OK - 1 of 4
2023-08-08 18:11:47,683 :INFO : test_course_progress :Alert: Are you sure you want to complete it? - Clicked OK - 2 of 4
2023-08-08 18:11:47,900 :INFO : test_course_progress :Alert: Are you sure you want to complete it? - Clicked OK - 3 of 4
2023-08-08 18:11:48,123 :INFO : test_course_progress :Alert: Are you sure you want to complete it? - Clicked OK - 4 of 4
2023-08-08 18:11:48,123 :INFO : test_course_progress :Checking progress ...
2023-08-08 18:11:48,333 :INFO : test_course_progress :Course Progress: 100.00%
2023-08-08 18:11:48,333 :INFO : test_course_progress :Validating it is 100%
2023-08-08 18:11:48,334 :INFO : test_course_progress :Logging out ...
